<?xml version="1.0" encoding="UTF-8"?><testsuite errors="0" failures="0" name="com.herokuapp.booker.restful.userinfo.UserCRUDTest" skipped="0" tests="5" time="20.46" timestamp="2023-01-03T17:30:53.251Z[Europe/London]"><testcase classname="com.herokuapp.booker.restful.userinfo.UserCRUDTest" name="Test001"/><testcase classname="com.herokuapp.booker.restful.userinfo.UserCRUDTest" name="Test002"/><testcase classname="com.herokuapp.booker.restful.userinfo.UserCRUDTest" name="Test003"/><testcase classname="com.herokuapp.booker.restful.userinfo.UserCRUDTest" name="Test004"/><testcase classname="com.herokuapp.booker.restful.userinfo.UserCRUDTest" name="Test005"/></testsuite>